2019-05-14 13:23:14,701 - INFO - 195 : Starting usage telemetry collection
2019-05-14 13:23:17,983 - INFO - 195 : Start creating parent run with DTO:  - name: automl_remote
 - subscription_id: d1b17dd2-ba8a-4492-9b5b-10c6418420ce
 - region: eastus2
 - compute_target: cpucluster
 - spark_context: None
 - spark_service: None
 - iterations: 30
 - primary_metric: spearman_correlation
 - task_type: regression
 - validation_size: 0.0
 - n_cross_validations: 5
 - y_min: None
 - y_max: None
 - num_classes: None
 - preprocess: True
 - lag_length: 0
 - is_timeseries: False
 - max_cores_per_iteration: 1
 - max_concurrent_iterations: 1
 - iteration_timeout_minutes: 10
 - mem_in_mb: None
 - enforce_time_on_windows: False
 - experiment_timeout_minutes: None
 - experiment_exit_score: None
 - whitelist_models: None
 - blacklist_algos: ['XGBoostRegressor', 'XGBoostRegressor']
 - auto_blacklist: True
 - blacklist_samples_reached: False
 - exclude_nan_labels: True
 - verbosity: 10
 - show_warnings: False
 - model_explainability: False
 - service_url: None
 - sdk_url: None
 - sdk_packages: None
 - enable_onnx_compatible_models: False
 - enable_feature_sweeping: True
 - telemetry_verbosity: INFO
 - send_telemetry: True
 - enable_early_stopping: False
 - early_stopping_n_iters: 10
 - metrics: None
 - enable_ensembling: True
 - enable_stack_ensembling: True
 - ensemble_iterations: 15
 - enable_tf: False
 - enable_cache: True
 - enable_subsampling: False
 - subsample_seed: None
 - cost_mode: 0
 - metric_operation: maximize.
2019-05-14 13:23:19,039 - INFO - 195 : [ParentRunID:AutoML_1520b3ee-8760-42cd-bc97-77dd8c6217a1] Remote run using user script.
2019-05-14 13:23:20,525 - INFO - 195 : [RunId:AutoML_1520b3ee-8760-42cd-bc97-77dd8c6217a1]SDK dependencies versions:{"azureml-widgets": "1.0.33", "azureml-train": "1.0.33", "azureml-train-restclients-hyperdrive": "1.0.33", "azureml-train-core": "1.0.33", "azureml-train-automl": "1.0.33", "azureml-telemetry": "1.0.33", "azureml-sdk": "1.0.33", "azureml-pipeline": "1.0.33", "azureml-pipeline-steps": "1.0.33.1", "azureml-pipeline-core": "1.0.33", "azureml-explain-model": "1.0.33", "azureml-dataprep": "1.1.3", "azureml-dataprep-native": "12.0.1", "azureml-core": "1.0.33.1", "azureml-contrib-notebook": "1.0.33"}.
2019-05-14 13:23:21,246 - INFO - 195 : Parent Run ID: AutoML_1520b3ee-8760-42cd-bc97-77dd8c6217a1
