2019-05-16 12:54:23,730 - INFO - 195 : Starting usage telemetry collection
2019-05-16 12:54:26,041 - INFO - 195 : Start creating parent run with DTO:  - name: automl_remote
 - subscription_id: d1b17dd2-ba8a-4492-9b5b-10c6418420ce
 - region: eastus2
 - compute_target: RS
 - spark_context: None
 - spark_service: None
 - iterations: 30
 - primary_metric: spearman_correlation
 - task_type: regression
 - validation_size: 0.0
 - n_cross_validations: 5
 - y_min: None
 - y_max: None
 - num_classes: None
 - preprocess: True
 - lag_length: 0
 - is_timeseries: False
 - max_cores_per_iteration: 1
 - max_concurrent_iterations: 1
 - iteration_timeout_minutes: 10
 - mem_in_mb: None
 - enforce_time_on_windows: False
 - experiment_timeout_minutes: None
 - experiment_exit_score: None
 - whitelist_models: None
 - blacklist_algos: ['XGBoostRegressor', 'XGBoostRegressor']
 - auto_blacklist: True
 - blacklist_samples_reached: False
 - exclude_nan_labels: True
 - verbosity: 10
 - show_warnings: False
 - model_explainability: False
 - service_url: None
 - sdk_url: None
 - sdk_packages: None
 - enable_onnx_compatible_models: False
 - enable_feature_sweeping: True
 - telemetry_verbosity: INFO
 - send_telemetry: True
 - enable_early_stopping: False
 - early_stopping_n_iters: 10
 - metrics: None
 - enable_ensembling: True
 - enable_stack_ensembling: True
 - ensemble_iterations: 15
 - enable_tf: False
 - enable_cache: True
 - enable_subsampling: False
 - subsample_seed: None
 - cost_mode: 0
 - metric_operation: maximize.
2019-05-16 12:54:27,386 - INFO - 195 : [ParentRunID:AutoML_1912ecca-4140-4ea3-ba53-e60911b32eab] Remote run using user script.
2019-05-16 12:54:29,051 - INFO - 195 : [RunId:AutoML_1912ecca-4140-4ea3-ba53-e60911b32eab]SDK dependencies versions:{"azureml-widgets": "1.0.33", "azureml-train": "1.0.33", "azureml-train-restclients-hyperdrive": "1.0.33", "azureml-train-core": "1.0.33", "azureml-train-automl": "1.0.33", "azureml-telemetry": "1.0.33", "azureml-sdk": "1.0.33", "azureml-pipeline": "1.0.33", "azureml-pipeline-steps": "1.0.33.1", "azureml-pipeline-core": "1.0.33", "azureml-explain-model": "1.0.33", "azureml-dataprep": "1.1.3", "azureml-dataprep-native": "12.0.1", "azureml-core": "1.0.33.1", "azureml-contrib-notebook": "1.0.33"}.
2019-05-16 12:54:29,758 - INFO - 195 : Parent Run ID: AutoML_1912ecca-4140-4ea3-ba53-e60911b32eab
2019-05-16 12:54:29,758 - INFO - 195 : Snapshotted folder: None with snapshot_id: 
2019-05-16 12:54:29,759 - INFO - 195 : Starting a snapshot run (snapshotId : ) with following compute definition: {'Configuration': {'script': 'train.py', 'arguments': [], 'target': 'RS', 'framework': 'Python', 'communicator': 'None', 'autoPrepareEnvironment': True, 'maxRunDurationSeconds': None, 'nodeCount': 1, 'environment': {'name': None, 'version': None, 'environmentVariables': {'EXAMPLE_ENV_VAR': 'EXAMPLE_VALUE'}, 'python': {'userManagedDependencies': False, 'interpreterPath': 'python', 'baseCondaEnvironment': None, 'condaDependencies': ordereddict([('name', 'project_environment'), ('dependencies', ['python=3.6.2', ordereddict([('pip', ['azureml-defaults==1.0.33', 'azureml-train-automl==1.0.33', 'azureml-explain-model'])]), 'numpy'])])}, 'docker': {'enabled': False, 'baseImage': 'mcr.microsoft.com/azureml/base:intelmpi2018.3-ubuntu16.04', 'sharedVolumes': True, 'gpuSupport': False, 'shmSize': '1g', 'arguments': [], 'baseImageRegistry': {'address': None, 'username': None, 'password': None}}, 'spark': {'repositories': ['https://mmlspark.azureedge.net/maven'], 'packages': [{'group': 'com.microsoft.ml.spark', 'artifact': 'mmlspark_2.11', 'version': '0.12'}], 'precachePackages': True}, 'databricks': {'mavenLibraries': [], 'pypiLibraries': [], 'rcranLibraries': [], 'jarLibraries': [], 'eggLibraries': []}}, 'history': {'outputCollection': True, 'snapshotProject': True, 'directoriesToWatch': ['logs']}, 'spark': {'configuration': {'spark.app.name': 'Azure ML Experiment', 'spark.yarn.maxAppAttempts': 1}}, 'hdi': {'yarnDeployMode': 'cluster'}, 'tensorflow': {'workerCount': 1, 'parameterServerCount': 1}, 'mpi': {'processCountPerNode': 1}, 'dataReferences': {}, 'sourceDirectoryDataStore': None, 'amlcompute': {'vmSize': None, 'vmPriority': None, 'retainCluster': False, 'name': None, 'clusterMaxNodeCount': 1}}}
2019-05-16 12:54:33,737 - INFO - 195 : memory usage 153358336
2019-05-16 12:54:33,739 - INFO - 195 : child memory usage 3387392
2019-05-16 12:54:33,740 - INFO - 195 : cpu time 3.518144
2019-05-16 12:54:33,741 - INFO - 195 : child cpu time 0.054353
2019-05-16 12:54:34,277 - ERROR - 195 : Type: Unclassified
Class: HttpOperationError
Message: Inner Exception raised. Error message is hidden.
Traceback:
  File "/Users/adamblum/a2ml/.venv/lib/python3.7/site-packages/azureml/train/automl/_azureautomlclient.py", line 842, in _fit_remote_core
    snapshotId)
  File "/Users/adamblum/a2ml/.venv/lib/python3.7/site-packages/azureml/_restclient/jasmine_client.py", line 58, in post_remote_jasmine_snapshot_run
    self._client.jasmine.post_remote_snapshot_run, parent_run_id, jsondefinition, snapshotId)
  File "/Users/adamblum/a2ml/.venv/lib/python3.7/site-packages/azureml/_restclient/experiment_client.py", line 234, in _execute_with_experiment_arguments
    return self._execute_with_arguments(func, copy.deepcopy(self._experiment_arguments), *args, **kwargs)
  File "/Users/adamblum/a2ml/.venv/lib/python3.7/site-packages/azureml/_restclient/workspace_client.py", line 75, in _execute_with_arguments
    return self._call_api(func, *args_list, **kwargs)
  File "/Users/adamblum/a2ml/.venv/lib/python3.7/site-packages/azureml/_restclient/clientbase.py", line 149, in _call_api
    return self._execute_with_base_arguments(func, *args, **kwargs)
  File "/Users/adamblum/a2ml/.venv/lib/python3.7/site-packages/azureml/_restclient/clientbase.py", line 203, in _execute_with_base_arguments
    back_off, total_retry, ssl_error_handler, self._logger, func, *args, **kwargs)
  File "/Users/adamblum/a2ml/.venv/lib/python3.7/site-packages/azureml/_restclient/clientbase.py", line 213, in _execute_func_internal
    return func(*args, **kwargs)
  File "/Users/adamblum/a2ml/.venv/lib/python3.7/site-packages/azureml/_restclient/operations/jasmine_operations.py", line 175, in post_remote_snapshot_run
    raise HttpOperationError(self._deserialize, response)

